<?xml version="1.0" encoding="UTF-8"?>
<testsuite xmlns:xsi="http://www.w3.org/2001/XMLSchema-instance" xsi:noNamespaceSchemaLocation="https://maven.apache.org/surefire/maven-surefire-plugin/xsd/surefire-test-report.xsd" name="com.example.echo.FacadeTest(sponge_log)" time="0.22" tests="6" errors="0" skipped="0" failures="0">
  <properties>
    <property name="sun.desktop" value="windows"/>
    <property name="awt.toolkit" value="sun.awt.windows.WToolkit"/>
    <property name="file.encoding.pkg" value="sun.io"/>
    <property name="java.specification.version" value="1.8"/>
    <property name="sun.cpu.isalist" value="amd64"/>
    <property name="sun.jnu.encoding" value="Cp1252"/>
    <property name="java.class.path" value="C:\Users\Felipe Montoya\Documents\GitHub\ProyectSoftwareII\target\test-classes;C:\Users\Felipe Montoya\Documents\GitHub\ProyectSoftwareII\target\Proxy-1.0-SNAPSHOT\WEB-INF\classes;C:\Users\Felipe Montoya\.m2\repository\com\google\endpoints\endpoints-framework\2.1.2\endpoints-framework-2.1.2.jar;C:\Users\Felipe Montoya\.m2\repository\com\google\guava\guava\20.0\guava-20.0.jar;C:\Users\Felipe Montoya\.m2\repository\com\fasterxml\jackson\core\jackson-annotations\2.9.6\jackson-annotations-2.9.6.jar;C:\Users\Felipe Montoya\.m2\repository\com\fasterxml\jackson\core\jackson-core\2.9.6\jackson-core-2.9.6.jar;C:\Users\Felipe Montoya\.m2\repository\com\fasterxml\jackson\core\jackson-databind\2.9.6\jackson-databind-2.9.6.jar;C:\Users\Felipe Montoya\.m2\repository\com\google\http-client\google-http-client-jackson2\1.23.0\google-http-client-jackson2-1.23.0.jar;C:\Users\Felipe Montoya\.m2\repository\com\google\http-client\google-http-client\1.23.0\google-http-client-1.23.0.jar;C:\Users\Felipe Montoya\.m2\repository\org\apache\httpcomponents\httpclient\4.0.1\httpclient-4.0.1.jar;C:\Users\Felipe Montoya\.m2\repository\org\apache\httpcomponents\httpcore\4.0.1\httpcore-4.0.1.jar;C:\Users\Felipe Montoya\.m2\repository\commons-logging\commons-logging\1.1.1\commons-logging-1.1.1.jar;C:\Users\Felipe Montoya\.m2\repository\commons-codec\commons-codec\1.3\commons-codec-1.3.jar;C:\Users\Felipe Montoya\.m2\repository\com\google\api-client\google-api-client\1.23.0\google-api-client-1.23.0.jar;C:\Users\Felipe Montoya\.m2\repository\com\google\oauth-client\google-oauth-client\1.23.0\google-oauth-client-1.23.0.jar;C:\Users\Felipe Montoya\.m2\repository\com\google\api-client\google-api-client-appengine\1.23.0\google-api-client-appengine-1.23.0.jar;C:\Users\Felipe Montoya\.m2\repository\com\google\oauth-client\google-oauth-client-appengine\1.23.0\google-oauth-client-appengine-1.23.0.jar;C:\Users\Felipe Montoya\.m2\repository\com\google\oauth-client\google-oauth-client-servlet\1.23.0\google-oauth-client-servlet-1.23.0.jar;C:\Users\Felipe Montoya\.m2\repository\com\google\http-client\google-http-client-jdo\1.23.0\google-http-client-jdo-1.23.0.jar;C:\Users\Felipe Montoya\.m2\repository\com\google\api-client\google-api-client-servlet\1.23.0\google-api-client-servlet-1.23.0.jar;C:\Users\Felipe Montoya\.m2\repository\javax\jdo\jdo2-api\2.3-eb\jdo2-api-2.3-eb.jar;C:\Users\Felipe Montoya\.m2\repository\javax\transaction\transaction-api\1.1\transaction-api-1.1.jar;C:\Users\Felipe Montoya\.m2\repository\com\google\http-client\google-http-client-appengine\1.23.0\google-http-client-appengine-1.23.0.jar;C:\Users\Felipe Montoya\.m2\repository\com\google\code\findbugs\jsr305\3.0.1\jsr305-3.0.1.jar;C:\Users\Felipe Montoya\.m2\repository\io\swagger\swagger-models\1.5.9\swagger-models-1.5.9.jar;C:\Users\Felipe Montoya\.m2\repository\org\slf4j\slf4j-api\1.6.3\slf4j-api-1.6.3.jar;C:\Users\Felipe Montoya\.m2\repository\io\swagger\swagger-annotations\1.5.9\swagger-annotations-1.5.9.jar;C:\Users\Felipe Montoya\.m2\repository\io\swagger\swagger-core\1.5.9\swagger-core-1.5.9.jar;C:\Users\Felipe Montoya\.m2\repository\org\apache\commons\commons-lang3\3.2.1\commons-lang3-3.2.1.jar;C:\Users\Felipe Montoya\.m2\repository\com\fasterxml\jackson\datatype\jackson-datatype-joda\2.4.5\jackson-datatype-joda-2.4.5.jar;C:\Users\Felipe Montoya\.m2\repository\joda-time\joda-time\2.2\joda-time-2.2.jar;C:\Users\Felipe Montoya\.m2\repository\com\fasterxml\jackson\dataformat\jackson-dataformat-yaml\2.4.5\jackson-dataformat-yaml-2.4.5.jar;C:\Users\Felipe Montoya\.m2\repository\org\yaml\snakeyaml\1.12\snakeyaml-1.12.jar;C:\Users\Felipe Montoya\.m2\repository\javax\validation\validation-api\1.1.0.Final\validation-api-1.1.0.Final.jar;C:\Users\Felipe Montoya\.m2\repository\org\slf4j\slf4j-nop\1.7.21\slf4j-nop-1.7.21.jar;C:\Users\Felipe Montoya\.m2\repository\com\google\endpoints\endpoints-management-control-appengine\1.0.10\endpoints-management-control-appengine-1.0.10.jar;C:\Users\Felipe Montoya\.m2\repository\com\google\endpoints\endpoints-management-control\1.0.10\endpoints-management-control-1.0.10.jar;C:\Users\Felipe Montoya\.m2\repository\com\google\endpoints\endpoints-management-api-client\1.0.10\endpoints-management-api-client-1.0.10.jar;C:\Users\Felipe Montoya\.m2\repository\com\google\api-client\google-api-client-protobuf\1.22.0\google-api-client-protobuf-1.22.0.jar;C:\Users\Felipe Montoya\.m2\repository\com\google\http-client\google-http-client-protobuf\1.22.0\google-http-client-protobuf-1.22.0.jar;C:\Users\Felipe Montoya\.m2\repository\com\google\endpoints\endpoints-management-config\1.0.10\endpoints-management-config-1.0.10.jar;C:\Users\Felipe Montoya\.m2\repository\com\google\protobuf\protobuf-java\3.0.0\protobuf-java-3.0.0.jar;C:\Users\Felipe Montoya\.m2\repository\com\google\apis\google-api-services-servicemanagement\v1-rev14-1.22.0\google-api-services-servicemanagement-v1-rev14-1.22.0.jar;C:\Users\Felipe Montoya\.m2\repository\com\google\protobuf\protobuf-java-util\3.0.0-beta-4\protobuf-java-util-3.0.0-beta-4.jar;C:\Users\Felipe Montoya\.m2\repository\com\google\code\gson\gson\2.3\gson-2.3.jar;C:\Users\Felipe Montoya\.m2\repository\com\google\endpoints\endpoints-management-protos\1.0.10\endpoints-management-protos-1.0.10.jar;C:\Users\Felipe Montoya\.m2\repository\io\grpc\grpc-protobuf\1.14.0\grpc-protobuf-1.14.0.jar;C:\Users\Felipe Montoya\.m2\repository\io\grpc\grpc-core\1.14.0\grpc-core-1.14.0.jar;C:\Users\Felipe Montoya\.m2\repository\io\grpc\grpc-context\1.14.0\grpc-context-1.14.0.jar;C:\Users\Felipe Montoya\.m2\repository\com\google\errorprone\error_prone_annotations\2.1.2\error_prone_annotations-2.1.2.jar;C:\Users\Felipe Montoya\.m2\repository\io\opencensus\opencensus-api\0.12.3\opencensus-api-0.12.3.jar;C:\Users\Felipe Montoya\.m2\repository\io\opencensus\opencensus-contrib-grpc-metrics\0.12.3\opencensus-contrib-grpc-metrics-0.12.3.jar;C:\Users\Felipe Montoya\.m2\repository\com\google\api\grpc\proto-google-common-protos\1.0.0\proto-google-common-protos-1.0.0.jar;C:\Users\Felipe Montoya\.m2\repository\io\grpc\grpc-protobuf-lite\1.14.0\grpc-protobuf-lite-1.14.0.jar;C:\Users\Felipe Montoya\.m2\repository\io\grpc\grpc-stub\1.14.0\grpc-stub-1.14.0.jar;C:\Users\Felipe Montoya\.m2\repository\com\google\endpoints\endpoints-framework-auth\1.0.10\endpoints-framework-auth-1.0.10.jar;C:\Users\Felipe Montoya\.m2\repository\com\google\endpoints\endpoints-management-auth\1.0.10\endpoints-management-auth-1.0.10.jar;C:\Users\Felipe Montoya\.m2\repository\org\bitbucket\b_c\jose4j\0.6.4\jose4j-0.6.4.jar;C:\Users\Felipe Montoya\.m2\repository\com\google\appengine\appengine-api-1.0-sdk\1.9.64\appengine-api-1.0-sdk-1.9.64.jar;C:\Users\Felipe Montoya\.m2\repository\javax\servlet\servlet-api\2.5\servlet-api-2.5.jar;C:\Users\Felipe Montoya\.m2\repository\javax\inject\javax.inject\1\javax.inject-1.jar;C:\Users\Felipe Montoya\.m2\repository\junit\junit\4.12\junit-4.12.jar;C:\Users\Felipe Montoya\.m2\repository\org\hamcrest\hamcrest-core\1.3\hamcrest-core-1.3.jar;"/>
    <property name="java.vm.vendor" value="Oracle Corporation"/>
    <property name="sun.arch.data.model" value="64"/>
    <property name="user.variant" value=""/>
    <property name="java.vendor.url" value="http://java.oracle.com/"/>
    <property name="user.timezone" value=""/>
    <property name="java.vm.specification.version" value="1.8"/>
    <property name="os.name" value="Windows 10"/>
    <property name="sun.java.launcher" value="SUN_STANDARD"/>
    <property name="user.country" value="CO"/>
    <property name="sun.boot.library.path" value="C:\Program Files\Java\jdk1.8.0_151\jre\bin"/>
    <property name="sun.java.command" value="C:\Users\FELIPE~1\AppData\Local\Temp\surefire1733523580454259953\surefirebooter4088835106856188629.jar C:\Users\Felipe Montoya\AppData\Local\Temp\surefire1733523580454259953 2018-11-21T12-08-54_522-jvmRun1 surefire4976779931262109975tmp surefire_07115736770958470775tmp"/>
    <property name="test" value="com.example.echo.FacadeTest"/>
    <property name="surefire.test.class.path" value="C:\Users\Felipe Montoya\Documents\GitHub\ProyectSoftwareII\target\test-classes;C:\Users\Felipe Montoya\Documents\GitHub\ProyectSoftwareII\target\Proxy-1.0-SNAPSHOT\WEB-INF\classes;C:\Users\Felipe Montoya\.m2\repository\com\google\endpoints\endpoints-framework\2.1.2\endpoints-framework-2.1.2.jar;C:\Users\Felipe Montoya\.m2\repository\com\google\guava\guava\20.0\guava-20.0.jar;C:\Users\Felipe Montoya\.m2\repository\com\fasterxml\jackson\core\jackson-annotations\2.9.6\jackson-annotations-2.9.6.jar;C:\Users\Felipe Montoya\.m2\repository\com\fasterxml\jackson\core\jackson-core\2.9.6\jackson-core-2.9.6.jar;C:\Users\Felipe Montoya\.m2\repository\com\fasterxml\jackson\core\jackson-databind\2.9.6\jackson-databind-2.9.6.jar;C:\Users\Felipe Montoya\.m2\repository\com\google\http-client\google-http-client-jackson2\1.23.0\google-http-client-jackson2-1.23.0.jar;C:\Users\Felipe Montoya\.m2\repository\com\google\http-client\google-http-client\1.23.0\google-http-client-1.23.0.jar;C:\Users\Felipe Montoya\.m2\repository\org\apache\httpcomponents\httpclient\4.0.1\httpclient-4.0.1.jar;C:\Users\Felipe Montoya\.m2\repository\org\apache\httpcomponents\httpcore\4.0.1\httpcore-4.0.1.jar;C:\Users\Felipe Montoya\.m2\repository\commons-logging\commons-logging\1.1.1\commons-logging-1.1.1.jar;C:\Users\Felipe Montoya\.m2\repository\commons-codec\commons-codec\1.3\commons-codec-1.3.jar;C:\Users\Felipe Montoya\.m2\repository\com\google\api-client\google-api-client\1.23.0\google-api-client-1.23.0.jar;C:\Users\Felipe Montoya\.m2\repository\com\google\oauth-client\google-oauth-client\1.23.0\google-oauth-client-1.23.0.jar;C:\Users\Felipe Montoya\.m2\repository\com\google\api-client\google-api-client-appengine\1.23.0\google-api-client-appengine-1.23.0.jar;C:\Users\Felipe Montoya\.m2\repository\com\google\oauth-client\google-oauth-client-appengine\1.23.0\google-oauth-client-appengine-1.23.0.jar;C:\Users\Felipe Montoya\.m2\repository\com\google\oauth-client\google-oauth-client-servlet\1.23.0\google-oauth-client-servlet-1.23.0.jar;C:\Users\Felipe Montoya\.m2\repository\com\google\http-client\google-http-client-jdo\1.23.0\google-http-client-jdo-1.23.0.jar;C:\Users\Felipe Montoya\.m2\repository\com\google\api-client\google-api-client-servlet\1.23.0\google-api-client-servlet-1.23.0.jar;C:\Users\Felipe Montoya\.m2\repository\javax\jdo\jdo2-api\2.3-eb\jdo2-api-2.3-eb.jar;C:\Users\Felipe Montoya\.m2\repository\javax\transaction\transaction-api\1.1\transaction-api-1.1.jar;C:\Users\Felipe Montoya\.m2\repository\com\google\http-client\google-http-client-appengine\1.23.0\google-http-client-appengine-1.23.0.jar;C:\Users\Felipe Montoya\.m2\repository\com\google\code\findbugs\jsr305\3.0.1\jsr305-3.0.1.jar;C:\Users\Felipe Montoya\.m2\repository\io\swagger\swagger-models\1.5.9\swagger-models-1.5.9.jar;C:\Users\Felipe Montoya\.m2\repository\org\slf4j\slf4j-api\1.6.3\slf4j-api-1.6.3.jar;C:\Users\Felipe Montoya\.m2\repository\io\swagger\swagger-annotations\1.5.9\swagger-annotations-1.5.9.jar;C:\Users\Felipe Montoya\.m2\repository\io\swagger\swagger-core\1.5.9\swagger-core-1.5.9.jar;C:\Users\Felipe Montoya\.m2\repository\org\apache\commons\commons-lang3\3.2.1\commons-lang3-3.2.1.jar;C:\Users\Felipe Montoya\.m2\repository\com\fasterxml\jackson\datatype\jackson-datatype-joda\2.4.5\jackson-datatype-joda-2.4.5.jar;C:\Users\Felipe Montoya\.m2\repository\joda-time\joda-time\2.2\joda-time-2.2.jar;C:\Users\Felipe Montoya\.m2\repository\com\fasterxml\jackson\dataformat\jackson-dataformat-yaml\2.4.5\jackson-dataformat-yaml-2.4.5.jar;C:\Users\Felipe Montoya\.m2\repository\org\yaml\snakeyaml\1.12\snakeyaml-1.12.jar;C:\Users\Felipe Montoya\.m2\repository\javax\validation\validation-api\1.1.0.Final\validation-api-1.1.0.Final.jar;C:\Users\Felipe Montoya\.m2\repository\org\slf4j\slf4j-nop\1.7.21\slf4j-nop-1.7.21.jar;C:\Users\Felipe Montoya\.m2\repository\com\google\endpoints\endpoints-management-control-appengine\1.0.10\endpoints-management-control-appengine-1.0.10.jar;C:\Users\Felipe Montoya\.m2\repository\com\google\endpoints\endpoints-management-control\1.0.10\endpoints-management-control-1.0.10.jar;C:\Users\Felipe Montoya\.m2\repository\com\google\endpoints\endpoints-management-api-client\1.0.10\endpoints-management-api-client-1.0.10.jar;C:\Users\Felipe Montoya\.m2\repository\com\google\api-client\google-api-client-protobuf\1.22.0\google-api-client-protobuf-1.22.0.jar;C:\Users\Felipe Montoya\.m2\repository\com\google\http-client\google-http-client-protobuf\1.22.0\google-http-client-protobuf-1.22.0.jar;C:\Users\Felipe Montoya\.m2\repository\com\google\endpoints\endpoints-management-config\1.0.10\endpoints-management-config-1.0.10.jar;C:\Users\Felipe Montoya\.m2\repository\com\google\protobuf\protobuf-java\3.0.0\protobuf-java-3.0.0.jar;C:\Users\Felipe Montoya\.m2\repository\com\google\apis\google-api-services-servicemanagement\v1-rev14-1.22.0\google-api-services-servicemanagement-v1-rev14-1.22.0.jar;C:\Users\Felipe Montoya\.m2\repository\com\google\protobuf\protobuf-java-util\3.0.0-beta-4\protobuf-java-util-3.0.0-beta-4.jar;C:\Users\Felipe Montoya\.m2\repository\com\google\code\gson\gson\2.3\gson-2.3.jar;C:\Users\Felipe Montoya\.m2\repository\com\google\endpoints\endpoints-management-protos\1.0.10\endpoints-management-protos-1.0.10.jar;C:\Users\Felipe Montoya\.m2\repository\io\grpc\grpc-protobuf\1.14.0\grpc-protobuf-1.14.0.jar;C:\Users\Felipe Montoya\.m2\repository\io\grpc\grpc-core\1.14.0\grpc-core-1.14.0.jar;C:\Users\Felipe Montoya\.m2\repository\io\grpc\grpc-context\1.14.0\grpc-context-1.14.0.jar;C:\Users\Felipe Montoya\.m2\repository\com\google\errorprone\error_prone_annotations\2.1.2\error_prone_annotations-2.1.2.jar;C:\Users\Felipe Montoya\.m2\repository\io\opencensus\opencensus-api\0.12.3\opencensus-api-0.12.3.jar;C:\Users\Felipe Montoya\.m2\repository\io\opencensus\opencensus-contrib-grpc-metrics\0.12.3\opencensus-contrib-grpc-metrics-0.12.3.jar;C:\Users\Felipe Montoya\.m2\repository\com\google\api\grpc\proto-google-common-protos\1.0.0\proto-google-common-protos-1.0.0.jar;C:\Users\Felipe Montoya\.m2\repository\io\grpc\grpc-protobuf-lite\1.14.0\grpc-protobuf-lite-1.14.0.jar;C:\Users\Felipe Montoya\.m2\repository\io\grpc\grpc-stub\1.14.0\grpc-stub-1.14.0.jar;C:\Users\Felipe Montoya\.m2\repository\com\google\endpoints\endpoints-framework-auth\1.0.10\endpoints-framework-auth-1.0.10.jar;C:\Users\Felipe Montoya\.m2\repository\com\google\endpoints\endpoints-management-auth\1.0.10\endpoints-management-auth-1.0.10.jar;C:\Users\Felipe Montoya\.m2\repository\org\bitbucket\b_c\jose4j\0.6.4\jose4j-0.6.4.jar;C:\Users\Felipe Montoya\.m2\repository\com\google\appengine\appengine-api-1.0-sdk\1.9.64\appengine-api-1.0-sdk-1.9.64.jar;C:\Users\Felipe Montoya\.m2\repository\javax\servlet\servlet-api\2.5\servlet-api-2.5.jar;C:\Users\Felipe Montoya\.m2\repository\javax\inject\javax.inject\1\javax.inject-1.jar;C:\Users\Felipe Montoya\.m2\repository\junit\junit\4.12\junit-4.12.jar;C:\Users\Felipe Montoya\.m2\repository\org\hamcrest\hamcrest-core\1.3\hamcrest-core-1.3.jar;"/>
    <property name="sun.cpu.endian" value="little"/>
    <property name="user.home" value="C:\Users\Felipe Montoya"/>
    <property name="user.language" value="es"/>
    <property name="java.specification.vendor" value="Oracle Corporation"/>
    <property name="java.home" value="C:\Program Files\Java\jdk1.8.0_151\jre"/>
    <property name="basedir" value="C:\Users\Felipe Montoya\Documents\GitHub\ProyectSoftwareII"/>
    <property name="file.separator" value="\"/>
    <property name="line.separator" value="&#10;"/>
    <property name="java.vm.specification.vendor" value="Oracle Corporation"/>
    <property name="java.specification.name" value="Java Platform API Specification"/>
    <property name="java.awt.graphicsenv" value="sun.awt.Win32GraphicsEnvironment"/>
    <property name="surefire.real.class.path" value="C:\Users\FELIPE~1\AppData\Local\Temp\surefire1733523580454259953\surefirebooter4088835106856188629.jar"/>
    <property name="sun.boot.class.path" value="C:\Program Files\Java\jdk1.8.0_151\jre\lib\resources.jar;C:\Program Files\Java\jdk1.8.0_151\jre\lib\rt.jar;C:\Program Files\Java\jdk1.8.0_151\jre\lib\sunrsasign.jar;C:\Program Files\Java\jdk1.8.0_151\jre\lib\jsse.jar;C:\Program Files\Java\jdk1.8.0_151\jre\lib\jce.jar;C:\Program Files\Java\jdk1.8.0_151\jre\lib\charsets.jar;C:\Program Files\Java\jdk1.8.0_151\jre\lib\jfr.jar;C:\Program Files\Java\jdk1.8.0_151\jre\classes"/>
    <property name="user.script" value=""/>
    <property name="sun.management.compiler" value="HotSpot 64-Bit Tiered Compilers"/>
    <property name="java.runtime.version" value="1.8.0_151-b12"/>
    <property name="user.name" value="Felipe Montoya"/>
    <property name="path.separator" value=";"/>
    <property name="os.version" value="10.0"/>
    <property name="java.endorsed.dirs" value="C:\Program Files\Java\jdk1.8.0_151\jre\lib\endorsed"/>
    <property name="java.runtime.name" value="Java(TM) SE Runtime Environment"/>
    <property name="file.encoding" value="UTF-8"/>
    <property name="java.vm.name" value="Java HotSpot(TM) 64-Bit Server VM"/>
    <property name="maven.ext.class.path" value="C:\Program Files\NetBeans 8.2\java\maven-nblib\netbeans-eventspy.jar"/>
    <property name="localRepository" value="C:\Users\Felipe Montoya\.m2\repository"/>
    <property name="java.vendor.url.bug" value="http://bugreport.sun.com/bugreport/"/>
    <property name="java.io.tmpdir" value="C:\Users\FELIPE~1\AppData\Local\Temp\"/>
    <property name="java.version" value="1.8.0_151"/>
    <property name="user.dir" value="C:\Users\Felipe Montoya\Documents\GitHub\ProyectSoftwareII"/>
    <property name="os.arch" value="amd64"/>
    <property name="java.vm.specification.name" value="Java Virtual Machine Specification"/>
    <property name="java.awt.printerjob" value="sun.awt.windows.WPrinterJob"/>
    <property name="sun.os.patch.level" value=""/>
    <property name="java.library.path" value="C:\Program Files\Java\jdk1.8.0_151\jre\bin;C:\WINDOWS\Sun\Java\bin;C:\WINDOWS\system32;C:\WINDOWS;C:\Program Files (x86)\Common Files\Oracle\Java\javapath;C:\ProgramData\Oracle\Java\javapath;C:\WINDOWS\system32;C:\WINDOWS;C:\WINDOWS\System32\Wbem;C:\WINDOWS\System32\WindowsPowerShell\v1.0\;C:\Program Files (x86)\ATI Technologies\ATI.ACE\Core-Static;C:\Program Files\MySQL\MySQL Utilities 1.6\;C:\WINDOWS\System32\OpenSSH\;C:\Program Files\Git\cmd;C:\Users\Felipe Montoya\AppData\Local\Microsoft\WindowsApps;C:\Users\Felipe Montoya\AppData\Local\GitHubDesktop\bin;C:\Users\Felipe Montoya\AppData\Local\Microsoft\WindowsApps;C:\Program Files\Java\jdk1.8.0_151\bin;;."/>
    <property name="java.vm.info" value="mixed mode"/>
    <property name="java.vendor" value="Oracle Corporation"/>
    <property name="java.vm.version" value="25.151-b12"/>
    <property name="java.ext.dirs" value="C:\Program Files\Java\jdk1.8.0_151\jre\lib\ext;C:\WINDOWS\Sun\Java\lib\ext"/>
    <property name="sun.io.unicode.encoding" value="UnicodeLittle"/>
    <property name="java.class.version" value="52.0"/>
  </properties>
  <testcase name="testGuardarSesion" classname="com.example.echo.FacadeTest(sponge_log)" time="0.011"/>
  <testcase name="testActualizarRuta" classname="com.example.echo.FacadeTest(sponge_log)" time="0.021"/>
  <testcase name="testRegistrarRuta" classname="com.example.echo.FacadeTest(sponge_log)" time="0.001"/>
  <testcase name="testListarRuta" classname="com.example.echo.FacadeTest(sponge_log)" time="0.002"/>
  <testcase name="testVerificarSesion" classname="com.example.echo.FacadeTest(sponge_log)" time="0.002"/>
  <testcase name="testEliminarRuta" classname="com.example.echo.FacadeTest(sponge_log)" time="0.002"/>
</testsuite>